<!DOCTYPE html PUBLIC "-//W3C//DTD XHTML 1.1//EN" "https://www.w3.org/TR/xhtml11/DTD/xhtml11.dtd">
<html xmlns="https://www.w3.org/1999/xhtml">
<head>
<meta http-equiv="content-type" content="text/html; charset=UTF-8"/>
<title>TestNG Report</title>
<style type="text/css">table {margin-bottom:10px;border-collapse:collapse;empty-cells:show}th,td {border:1px solid #009;padding:.25em .5em}th {vertical-align:bottom}td {vertical-align:top}table a {font-weight:bold}.stripe td {background-color: #E6EBF9}.num {text-align:right}.passedodd td {background-color: #3F3}.passedeven td {background-color: #0A0}.skippedodd td {background-color: #DDD}.skippedeven td {background-color: #CCC}.failedodd td,.attn {background-color: #F33}.failedeven td,.stripe .attn {background-color: #D00}.stacktrace {white-space:pre;font-family:monospace}.totop {font-size:85%;text-align:center;border-bottom:2px solid #000}.invisible {display:none}</style>
</head>
<body>
<table>
<tr><th>Test</th><th># Passed</th><th># Skipped</th><th># Retried</th><th># Failed</th><th>Time (ms)</th><th>Included Groups</th><th>Excluded Groups</th></tr>
<tr><th colspan="8">Surefire suite</th></tr>
<tr><td><a href="#t0">Surefire test</a></td><td class="num">22</td><td class="num">0</td><td class="num">0</td><td class="num attn">5</td><td class="num">441,397</td><td></td><td></td></tr>
</table>
<table id='summary'><thead><tr><th>Class</th><th>Method</th><th>Start</th><th>Time (ms)</th></tr></thead><tbody><tr><th colspan="4">Surefire suite</th></tr></tbody><tbody id="t0"><tr><th colspan="4">Surefire test &#8212; failed</th></tr><tr class="failedeven"><td rowspan="1">Test.FlipkartCareerTest</td><td><a href="#m0">testCareerLink</a></td><td rowspan="1">1718605130347</td><td rowspan="1">6070</td></tr><tr class="failedodd"><td rowspan="1">Test.FlipkartFlightGoogleTest</td><td><a href="#m1">testGooglePlayLink</a></td><td rowspan="1">1718605165146</td><td rowspan="1">20501</td></tr><tr class="failedeven"><td rowspan="3">Test.SearchTest</td><td><a href="#m2">searchPageTest</a></td><td rowspan="3">1718605480246</td><td rowspan="3">0</td></tr><tr class="failedeven"><td><a href="#m3">searchPageTest</a></td></tr><tr class="failedeven"><td><a href="#m4">searchPageTest</a></td></tr><tr><th colspan="4">Surefire test &#8212; passed</th></tr><tr class="passedeven"><td rowspan="4">Test.AddToCartTest</td><td><a href="#m5">testAddProductToCart</a></td><td rowspan="4">1718605102560</td><td rowspan="4">0</td></tr><tr class="passedeven"><td><a href="#m6">testAddProductToCart</a></td></tr><tr class="passedeven"><td><a href="#m7">testAddProductToCart</a></td></tr><tr class="passedeven"><td><a href="#m8">testAddProductToCart</a></td></tr><tr class="passedodd"><td rowspan="1">Test.CustomerCareTest</td><td><a href="#m9">testCustomerCare</a></td><td rowspan="1">1718605112991</td><td rowspan="1">7206</td></tr><tr class="passedeven"><td rowspan="1">Test.FlipkartElectronicsTest</td><td><a href="#m10">testMiLink</a></td><td rowspan="1">1718605145151</td><td rowspan="1">15830</td></tr><tr class="passedodd"><td rowspan="1">Test.FlipkartFlightTest</td><td><a href="#m11">testFlightsLink</a></td><td rowspan="1">1718605195608</td><td rowspan="1">24673</td></tr><tr class="passedeven"><td rowspan="1">Test.FlipkartGroceryTest</td><td><a href="#m12">testGroceryLink</a></td><td rowspan="1">1718605231912</td><td rowspan="1">9510</td></tr><tr class="passedodd"><td rowspan="1">Test.FlipkartMyntraTest</td><td><a href="#m13">testMyntraLink</a></td><td rowspan="1">1718605255043</td><td rowspan="1">13914</td></tr><tr class="passedeven"><td rowspan="1">Test.FlipkartPlusTest</td><td><a href="#m14">testFlipkartPlusPage</a></td><td rowspan="1">1718605278977</td><td rowspan="1">9577</td></tr><tr class="passedodd"><td rowspan="1">Test.FlipkartSocialMediaTest</td><td><a href="#m15">testYoutubeLink</a></td><td rowspan="1">1718605297573</td><td rowspan="1">18031</td></tr><tr class="passedeven"><td rowspan="1">Test.FlipkartStoriesTest</td><td><a href="#m16">testFlipkartStoriesSubscribe</a></td><td rowspan="1">1718605323823</td><td rowspan="1">21987</td></tr><tr class="passedodd"><td rowspan="1">Test.GiftCardTest</td><td><a href="#m17">testGiftCardPage</a></td><td rowspan="1">1718605355071</td><td rowspan="1">9979</td></tr><tr class="passedeven"><td rowspan="4">Test.LoginTest</td><td><a href="#m18">testLoginLink</a></td><td rowspan="4">1718605373579</td><td rowspan="4">7950</td></tr><tr class="passedeven"><td><a href="#m19">testLoginLink</a></td></tr><tr class="passedeven"><td><a href="#m20">testLoginLink</a></td></tr><tr class="passedeven"><td><a href="#m21">testLoginLink</a></td></tr><tr class="passedodd"><td rowspan="1">Test.OfferZoneTest</td><td><a href="#m22">testAppleIpadLink</a></td><td rowspan="1">1718605384324</td><td rowspan="1">24504</td></tr><tr class="passedeven"><td rowspan="1">Test.PincodeChangeTest</td><td><a href="#m23">testChangePincode</a></td><td rowspan="1">1718605417424</td><td rowspan="1">14939</td></tr><tr class="passedodd"><td rowspan="1">Test.RemoveProductTest</td><td><a href="#m24">testRemoveItemFromCart</a></td><td rowspan="1">1718605440863</td><td rowspan="1">22601</td></tr><tr class="passedeven"><td rowspan="1">Test.SearchTest</td><td><a href="#m25">searchPageTest</a></td><td rowspan="1">1718605471943</td><td rowspan="1">8289</td></tr><tr class="passedodd"><td rowspan="1">Test.SellerTest</td><td><a href="#m26">testSellerPage</a></td><td rowspan="1">1718605489021</td><td rowspan="1">13751</td></tr></tbody>
</table>
<h2>Surefire test</h2><h3 id="m0">Test.FlipkartCareerTest#testCareerLink</h3><table class="result"><tr><th>Exception</th></tr><tr><td><div class="stacktrace">java.lang.AssertionError: Not on the Flipkart Careers page expected [true] but found [false]
	at Test.FlipkartCareerTest.testCareerLink(FlipkartCareerTest.java:51)
	at java.base/java.util.ArrayList.forEach(ArrayList.java:1540)
... Removed 35 stack frames</div></td></tr></table><p class="totop"><a href="#summary">back to summary</a></p>
<h3 id="m1">Test.FlipkartFlightGoogleTest#testGooglePlayLink</h3><table class="result"><tr><th>Exception</th></tr><tr><td><div class="stacktrace">org.openqa.selenium.StaleElementReferenceException: stale element reference: stale element not found in the current frame
  (Session info: chrome=126.0.6478.62)
For documentation on this error, please visit: https://www.selenium.dev/documentation/webdriver/troubleshooting/errors#stale-element-reference-exception
Build info: version: &apos;4.21.0&apos;, revision: &apos;79ed462ef4&apos;
System info: os.name: &apos;Windows 10&apos;, os.arch: &apos;amd64&apos;, os.version: &apos;10.0&apos;, java.version: &apos;11.0.1&apos;
Driver info: org.openqa.selenium.chrome.ChromeDriver
Command: [8ebb528da57926d4e43614fdc036b813, clickElement {id=f.4BAD18768D4EBEFF7BD21FC826D7A971.d.3347E8319D79BC3D866FBA22715A64D7.e.159}]
Capabilities {acceptInsecureCerts: false, browserName: chrome, browserVersion: 126.0.6478.62, chrome: {chromedriverVersion: 126.0.6478.61 (8dc092df54ce..., userDataDir: C:\Users\ANJALI~1\AppData\L...}, fedcm:accounts: true, goog:chromeOptions: {debuggerAddress: localhost:51464}, networkConnectionEnabled: false, pageLoadStrategy: normal, platformName: windows, proxy: Proxy(), se:cdp: ws://localhost:51464/devtoo..., se:cdpVersion: 126.0.6478.62, setWindowRect: true, strictFileInteractability: false, timeouts: {implicit: 0, pageLoad: 300000, script: 30000}, unhandledPromptBehavior: dismiss and notify, webauthn:extension:credBlob: true, webauthn:extension:largeBlob: true, webauthn:extension:minPinLength: true, webauthn:extension:prf: true, webauthn:virtualAuthenticators: true}
Element: [[ChromeDriver: chrome on windows (8ebb528da57926d4e43614fdc036b813)] -&gt; xpath: //img[@class=&apos;xTaogf _3iTqAS&apos; and @alt=&apos;header&apos;]]
Session ID: 8ebb528da57926d4e43614fdc036b813
	at org.openqa.selenium.remote.ErrorCodec.decode(ErrorCodec.java:167)
	at org.openqa.selenium.remote.codec.w3c.W3CHttpResponseCodec.decode(W3CHttpResponseCodec.java:138)
	at org.openqa.selenium.remote.codec.w3c.W3CHttpResponseCodec.decode(W3CHttpResponseCodec.java:50)
	at org.openqa.selenium.remote.HttpCommandExecutor.execute(HttpCommandExecutor.java:190)
	at org.openqa.selenium.remote.service.DriverCommandExecutor.invokeExecute(DriverCommandExecutor.java:216)
	at org.openqa.selenium.remote.service.DriverCommandExecutor.execute(DriverCommandExecutor.java:174)
	at org.openqa.selenium.remote.RemoteWebDriver.execute(RemoteWebDriver.java:518)
	at org.openqa.selenium.remote.RemoteWebElement.execute(RemoteWebElement.java:223)
	at org.openqa.selenium.remote.RemoteWebElement.click(RemoteWebElement.java:76)
	at PageObject.FlipkartFlightGooglePage.clickGooglePlayImage(FlipkartFlightGooglePage.java:38)
	at Test.FlipkartFlightGoogleTest.testGooglePlayLink(FlipkartFlightGoogleTest.java:59)
	at java.base/java.util.ArrayList.forEach(ArrayList.java:1540)
... Removed 36 stack frames</div></td></tr></table><p class="totop"><a href="#summary">back to summary</a></p>
<h3 id="m2">Test.SearchTest#searchPageTest</h3><table class="result"><tr class="param"><th>Parameter #1</th><th>Parameter #2</th><th>Parameter #3</th></tr><tr class="param stripe"><td>loginpage</td><td>person1@gmail.com</td><td>yes</td></tr><tr><th colspan="3">Exception</th></tr><tr><td colspan="3"><div class="stacktrace">org.openqa.selenium.NoSuchSessionException: Session ID is null. Using WebDriver after calling quit()?
Build info: version: &apos;4.21.0&apos;, revision: &apos;79ed462ef4&apos;
System info: os.name: &apos;Windows 10&apos;, os.arch: &apos;amd64&apos;, os.version: &apos;10.0&apos;, java.version: &apos;11.0.1&apos;
Driver info: org.openqa.selenium.chrome.ChromeDriver
Command: [null, screenshot {}]
Capabilities {acceptInsecureCerts: false, browserName: chrome, browserVersion: 126.0.6478.62, chrome: {chromedriverVersion: 126.0.6478.61 (8dc092df54ce..., userDataDir: C:\Users\ANJALI~1\AppData\L...}, fedcm:accounts: true, goog:chromeOptions: {debuggerAddress: localhost:52343}, networkConnectionEnabled: false, pageLoadStrategy: normal, platformName: windows, proxy: Proxy(), se:cdp: ws://localhost:52343/devtoo..., se:cdpVersion: 126.0.6478.62, setWindowRect: true, strictFileInteractability: false, timeouts: {implicit: 0, pageLoad: 300000, script: 30000}, unhandledPromptBehavior: dismiss and notify, webauthn:extension:credBlob: true, webauthn:extension:largeBlob: true, webauthn:extension:minPinLength: true, webauthn:extension:prf: true, webauthn:virtualAuthenticators: true}
	at org.openqa.selenium.remote.HttpCommandExecutor.execute(HttpCommandExecutor.java:151)
	at org.openqa.selenium.remote.service.DriverCommandExecutor.invokeExecute(DriverCommandExecutor.java:216)
	at org.openqa.selenium.remote.service.DriverCommandExecutor.execute(DriverCommandExecutor.java:174)
	at org.openqa.selenium.remote.RemoteWebDriver.execute(RemoteWebDriver.java:518)
	at org.openqa.selenium.remote.RemoteWebDriver.execute(RemoteWebDriver.java:591)
	at org.openqa.selenium.remote.RemoteWebDriver.execute(RemoteWebDriver.java:595)
	at org.openqa.selenium.remote.RemoteWebDriver.getScreenshotAs(RemoteWebDriver.java:321)
	at utils.captureScreenshot.captureScreenshot(captureScreenshot.java:19)
	at Test.SearchTest.searchPageTest(SearchTest.java:74)
	at java.base/java.util.ArrayList.forEach(ArrayList.java:1540)
... Removed 32 stack frames</div></td></tr></table><p class="totop"><a href="#summary">back to summary</a></p>
<h3 id="m3">Test.SearchTest#searchPageTest</h3><table class="result"><tr class="param"><th>Parameter #1</th><th>Parameter #2</th><th>Parameter #3</th></tr><tr class="param stripe"><td>productfilterpage</td><td>mobile</td><td>yes</td></tr><tr><th colspan="3">Exception</th></tr><tr><td colspan="3"><div class="stacktrace">org.openqa.selenium.NoSuchSessionException: Session ID is null. Using WebDriver after calling quit()?
Build info: version: &apos;4.21.0&apos;, revision: &apos;79ed462ef4&apos;
System info: os.name: &apos;Windows 10&apos;, os.arch: &apos;amd64&apos;, os.version: &apos;10.0&apos;, java.version: &apos;11.0.1&apos;
Driver info: org.openqa.selenium.chrome.ChromeDriver
Command: [null, screenshot {}]
Capabilities {acceptInsecureCerts: false, browserName: chrome, browserVersion: 126.0.6478.62, chrome: {chromedriverVersion: 126.0.6478.61 (8dc092df54ce..., userDataDir: C:\Users\ANJALI~1\AppData\L...}, fedcm:accounts: true, goog:chromeOptions: {debuggerAddress: localhost:52343}, networkConnectionEnabled: false, pageLoadStrategy: normal, platformName: windows, proxy: Proxy(), se:cdp: ws://localhost:52343/devtoo..., se:cdpVersion: 126.0.6478.62, setWindowRect: true, strictFileInteractability: false, timeouts: {implicit: 0, pageLoad: 300000, script: 30000}, unhandledPromptBehavior: dismiss and notify, webauthn:extension:credBlob: true, webauthn:extension:largeBlob: true, webauthn:extension:minPinLength: true, webauthn:extension:prf: true, webauthn:virtualAuthenticators: true}
	at org.openqa.selenium.remote.HttpCommandExecutor.execute(HttpCommandExecutor.java:151)
	at org.openqa.selenium.remote.service.DriverCommandExecutor.invokeExecute(DriverCommandExecutor.java:216)
	at org.openqa.selenium.remote.service.DriverCommandExecutor.execute(DriverCommandExecutor.java:174)
	at org.openqa.selenium.remote.RemoteWebDriver.execute(RemoteWebDriver.java:518)
	at org.openqa.selenium.remote.RemoteWebDriver.execute(RemoteWebDriver.java:591)
	at org.openqa.selenium.remote.RemoteWebDriver.execute(RemoteWebDriver.java:595)
	at org.openqa.selenium.remote.RemoteWebDriver.getScreenshotAs(RemoteWebDriver.java:321)
	at utils.captureScreenshot.captureScreenshot(captureScreenshot.java:19)
	at Test.SearchTest.searchPageTest(SearchTest.java:74)
	at java.base/java.util.ArrayList.forEach(ArrayList.java:1540)
... Removed 32 stack frames</div></td></tr></table><p class="totop"><a href="#summary">back to summary</a></p>
<h3 id="m4">Test.SearchTest#searchPageTest</h3><table class="result"><tr class="param"><th>Parameter #1</th><th>Parameter #2</th><th>Parameter #3</th></tr><tr class="param stripe"><td>addtocartpage</td><td>headphone</td><td>yes</td></tr><tr><th colspan="3">Exception</th></tr><tr><td colspan="3"><div class="stacktrace">org.openqa.selenium.NoSuchSessionException: Session ID is null. Using WebDriver after calling quit()?
Build info: version: &apos;4.21.0&apos;, revision: &apos;79ed462ef4&apos;
System info: os.name: &apos;Windows 10&apos;, os.arch: &apos;amd64&apos;, os.version: &apos;10.0&apos;, java.version: &apos;11.0.1&apos;
Driver info: org.openqa.selenium.chrome.ChromeDriver
Command: [null, screenshot {}]
Capabilities {acceptInsecureCerts: false, browserName: chrome, browserVersion: 126.0.6478.62, chrome: {chromedriverVersion: 126.0.6478.61 (8dc092df54ce..., userDataDir: C:\Users\ANJALI~1\AppData\L...}, fedcm:accounts: true, goog:chromeOptions: {debuggerAddress: localhost:52343}, networkConnectionEnabled: false, pageLoadStrategy: normal, platformName: windows, proxy: Proxy(), se:cdp: ws://localhost:52343/devtoo..., se:cdpVersion: 126.0.6478.62, setWindowRect: true, strictFileInteractability: false, timeouts: {implicit: 0, pageLoad: 300000, script: 30000}, unhandledPromptBehavior: dismiss and notify, webauthn:extension:credBlob: true, webauthn:extension:largeBlob: true, webauthn:extension:minPinLength: true, webauthn:extension:prf: true, webauthn:virtualAuthenticators: true}
	at org.openqa.selenium.remote.HttpCommandExecutor.execute(HttpCommandExecutor.java:151)
	at org.openqa.selenium.remote.service.DriverCommandExecutor.invokeExecute(DriverCommandExecutor.java:216)
	at org.openqa.selenium.remote.service.DriverCommandExecutor.execute(DriverCommandExecutor.java:174)
	at org.openqa.selenium.remote.RemoteWebDriver.execute(RemoteWebDriver.java:518)
	at org.openqa.selenium.remote.RemoteWebDriver.execute(RemoteWebDriver.java:591)
	at org.openqa.selenium.remote.RemoteWebDriver.execute(RemoteWebDriver.java:595)
	at org.openqa.selenium.remote.RemoteWebDriver.getScreenshotAs(RemoteWebDriver.java:321)
	at utils.captureScreenshot.captureScreenshot(captureScreenshot.java:19)
	at Test.SearchTest.searchPageTest(SearchTest.java:74)
	at java.base/java.util.ArrayList.forEach(ArrayList.java:1540)
... Removed 32 stack frames</div></td></tr></table><p class="totop"><a href="#summary">back to summary</a></p>
<h3 id="m5">Test.AddToCartTest#testAddProductToCart</h3><table class="result"><tr class="param"><th>Parameter #1</th><th>Parameter #2</th><th>Parameter #3</th></tr><tr class="param stripe"><td>loginpage</td><td>person1@gmail.com</td><td>yes</td></tr></table><p class="totop"><a href="#summary">back to summary</a></p>
<h3 id="m6">Test.AddToCartTest#testAddProductToCart</h3><table class="result"><tr class="param"><th>Parameter #1</th><th>Parameter #2</th><th>Parameter #3</th></tr><tr class="param stripe"><td>addtocartpage</td><td>headphone</td><td>yes</td></tr></table><p class="totop"><a href="#summary">back to summary</a></p>
<h3 id="m7">Test.AddToCartTest#testAddProductToCart</h3><table class="result"><tr class="param"><th>Parameter #1</th><th>Parameter #2</th><th>Parameter #3</th></tr><tr class="param stripe"><td>searchpage</td><td>headphone</td><td>yes</td></tr></table><p class="totop"><a href="#summary">back to summary</a></p>
<h3 id="m8">Test.AddToCartTest#testAddProductToCart</h3><table class="result"><tr class="param"><th>Parameter #1</th><th>Parameter #2</th><th>Parameter #3</th></tr><tr class="param stripe"><td>productfilterpage</td><td>mobile</td><td>yes</td></tr></table><p class="totop"><a href="#summary">back to summary</a></p>
<h3 id="m9">Test.CustomerCareTest#testCustomerCare</h3><table class="result"><tr><th class="invisible"/></tr></table><p class="totop"><a href="#summary">back to summary</a></p>
<h3 id="m10">Test.FlipkartElectronicsTest#testMiLink</h3><table class="result"><tr><th class="invisible"/></tr></table><p class="totop"><a href="#summary">back to summary</a></p>
<h3 id="m11">Test.FlipkartFlightTest#testFlightsLink</h3><table class="result"><tr><th class="invisible"/></tr></table><p class="totop"><a href="#summary">back to summary</a></p>
<h3 id="m12">Test.FlipkartGroceryTest#testGroceryLink</h3><table class="result"><tr><th class="invisible"/></tr></table><p class="totop"><a href="#summary">back to summary</a></p>
<h3 id="m13">Test.FlipkartMyntraTest#testMyntraLink</h3><table class="result"><tr><th class="invisible"/></tr></table><p class="totop"><a href="#summary">back to summary</a></p>
<h3 id="m14">Test.FlipkartPlusTest#testFlipkartPlusPage</h3><table class="result"><tr><th class="invisible"/></tr></table><p class="totop"><a href="#summary">back to summary</a></p>
<h3 id="m15">Test.FlipkartSocialMediaTest#testYoutubeLink</h3><table class="result"><tr><th class="invisible"/></tr></table><p class="totop"><a href="#summary">back to summary</a></p>
<h3 id="m16">Test.FlipkartStoriesTest#testFlipkartStoriesSubscribe</h3><table class="result"><tr><th class="invisible"/></tr></table><p class="totop"><a href="#summary">back to summary</a></p>
<h3 id="m17">Test.GiftCardTest#testGiftCardPage</h3><table class="result"><tr><th class="invisible"/></tr></table><p class="totop"><a href="#summary">back to summary</a></p>
<h3 id="m18">Test.LoginTest#testLoginLink</h3><table class="result"><tr class="param"><th>Parameter #1</th><th>Parameter #2</th><th>Parameter #3</th></tr><tr class="param stripe"><td>loginpage</td><td>person1@gmail.com</td><td>yes</td></tr></table><p class="totop"><a href="#summary">back to summary</a></p>
<h3 id="m19">Test.LoginTest#testLoginLink</h3><table class="result"><tr class="param"><th>Parameter #1</th><th>Parameter #2</th><th>Parameter #3</th></tr><tr class="param stripe"><td>productfilterpage</td><td>mobile</td><td>yes</td></tr></table><p class="totop"><a href="#summary">back to summary</a></p>
<h3 id="m20">Test.LoginTest#testLoginLink</h3><table class="result"><tr class="param"><th>Parameter #1</th><th>Parameter #2</th><th>Parameter #3</th></tr><tr class="param stripe"><td>addtocartpage</td><td>headphone</td><td>yes</td></tr></table><p class="totop"><a href="#summary">back to summary</a></p>
<h3 id="m21">Test.LoginTest#testLoginLink</h3><table class="result"><tr class="param"><th>Parameter #1</th><th>Parameter #2</th><th>Parameter #3</th></tr><tr class="param stripe"><td>searchpage</td><td>headphone</td><td>yes</td></tr></table><p class="totop"><a href="#summary">back to summary</a></p>
<h3 id="m22">Test.OfferZoneTest#testAppleIpadLink</h3><table class="result"><tr><th class="invisible"/></tr></table><p class="totop"><a href="#summary">back to summary</a></p>
<h3 id="m23">Test.PincodeChangeTest#testChangePincode</h3><table class="result"><tr class="param"><th>Parameter #1</th><th>Parameter #2</th><th>Parameter #3</th></tr><tr class="param stripe"><td>pincodepage</td><td>123456</td><td>yes</td></tr></table><p class="totop"><a href="#summary">back to summary</a></p>
<h3 id="m24">Test.RemoveProductTest#testRemoveItemFromCart</h3><table class="result"><tr><th class="invisible"/></tr></table><p class="totop"><a href="#summary">back to summary</a></p>
<h3 id="m25">Test.SearchTest#searchPageTest</h3><table class="result"><tr class="param"><th>Parameter #1</th><th>Parameter #2</th><th>Parameter #3</th></tr><tr class="param stripe"><td>searchpage</td><td>headphone</td><td>yes</td></tr></table><p class="totop"><a href="#summary">back to summary</a></p>
<h3 id="m26">Test.SellerTest#testSellerPage</h3><table class="result"><tr><th class="invisible"/></tr></table><p class="totop"><a href="#summary">back to summary</a></p>
</body>
</html>
